  main.cpp
C:\Users\USER\Documents\data-structure-lab-2024\Chap08_DFS_BFS\Chap08_DFS_BFS\Location2D.h(15,12): error C2677: 이항 '==': 'Location2D' 형식을 사용하는 전역 연산자가 없거나 허용되는 변환이 없습니다.
  (소스 파일 'main.cpp'을(를) 컴파일하는 중)
  
C:\Users\USER\Documents\data-structure-lab-2024\Chap08_DFS_BFS\Chap08_DFS_BFS\main.cpp(8,32): error C2059: 구문 오류: '.'
C:\Users\USER\Documents\data-structure-lab-2024\Chap08_DFS_BFS\Chap08_DFS_BFS\main.cpp(9,5): error C2143: 구문 오류: ';'이(가) '{' 앞에 없습니다.
C:\Users\USER\Documents\data-structure-lab-2024\Chap08_DFS_BFS\Chap08_DFS_BFS\main.cpp(9,5): error C2447: '{': 함수 헤더가 없습니다. 이전 스타일의 형식 목록입니까?
C:\Users\USER\Documents\data-structure-lab-2024\Chap08_DFS_BFS\Chap08_DFS_BFS\main.cpp(10,5): error C2447: '{': 함수 헤더가 없습니다. 이전 스타일의 형식 목록입니까?
C:\Users\USER\Documents\data-structure-lab-2024\Chap08_DFS_BFS\Chap08_DFS_BFS\main.cpp(11,5): error C2447: '{': 함수 헤더가 없습니다. 이전 스타일의 형식 목록입니까?
C:\Users\USER\Documents\data-structure-lab-2024\Chap08_DFS_BFS\Chap08_DFS_BFS\main.cpp(12,5): error C2447: '{': 함수 헤더가 없습니다. 이전 스타일의 형식 목록입니까?
C:\Users\USER\Documents\data-structure-lab-2024\Chap08_DFS_BFS\Chap08_DFS_BFS\main.cpp(13,5): error C2447: '{': 함수 헤더가 없습니다. 이전 스타일의 형식 목록입니까?
C:\Users\USER\Documents\data-structure-lab-2024\Chap08_DFS_BFS\Chap08_DFS_BFS\main.cpp(14,1): error C2059: 구문 오류: '}'
C:\Users\USER\Documents\data-structure-lab-2024\Chap08_DFS_BFS\Chap08_DFS_BFS\main.cpp(14,1): error C2143: 구문 오류: ';'이(가) '}' 앞에 없습니다.
C:\Users\USER\Documents\data-structure-lab-2024\Chap08_DFS_BFS\Chap08_DFS_BFS\main.cpp(17,1): error C2143: 구문 오류: ';'이(가) '{' 앞에 없습니다.
C:\Users\USER\Documents\data-structure-lab-2024\Chap08_DFS_BFS\Chap08_DFS_BFS\main.cpp(17,1): error C2447: '{': 함수 헤더가 없습니다. 이전 스타일의 형식 목록입니까?
C:\Users\USER\Documents\data-structure-lab-2024\Chap08_DFS_BFS\Chap08_DFS_BFS\main.cpp(25,1): warning C4326: 'main'의 반환 형식이 'int'이어야 하는데 'void'입니다.
C:\Users\USER\Documents\data-structure-lab-2024\Chap08_DFS_BFS\Chap08_DFS_BFS\main.cpp(44,32): error C2065: 'l': 선언되지 않은 식별자입니다.
C:\Users\USER\Documents\data-structure-lab-2024\Chap08_DFS_BFS\Chap08_DFS_BFS\main.cpp(44,17): error C3861: 'isValidLoc': 식별자를 찾을 수 없습니다.
C:\Users\USER\Documents\data-structure-lab-2024\Chap08_DFS_BFS\Chap08_DFS_BFS\main.cpp(46,32): error C2065: 'l': 선언되지 않은 식별자입니다.
C:\Users\USER\Documents\data-structure-lab-2024\Chap08_DFS_BFS\Chap08_DFS_BFS\main.cpp(46,17): error C3861: 'isValidLoc': 식별자를 찾을 수 없습니다.
C:\Users\USER\Documents\data-structure-lab-2024\Chap08_DFS_BFS\Chap08_DFS_BFS\main.cpp(48,17): error C3861: 'isValidLoc': 식별자를 찾을 수 없습니다.
C:\Users\USER\Documents\data-structure-lab-2024\Chap08_DFS_BFS\Chap08_DFS_BFS\main.cpp(50,17): error C3861: 'isValidLoc': 식별자를 찾을 수 없습니다.
